<?xml version="1.0" encoding="UTF-8"?>
<!-- Generated by org.testng.reporters.JUnitReportReporter -->
<testsuite hostname="Vijayabharathis-MacBook-Air.local" failures="0" tests="1" name="guestures.GuesturePlugins" time="37.305" errors="0" timestamp="2025-04-11T22:00:06 IST" skipped="0">
  <testcase classname="guestures.GuesturePlugins" name="demo" time="37.305"/>
</testsuite> <!-- guestures.GuesturePlugins -->
