<?xml version="1.0" encoding="UTF-8"?>
<!-- Generated by org.testng.reporters.JUnitReportReporter -->
<testsuite hostname="Vijayabharathis-MacBook-Air.local" failures="0" tests="1" name="guestures.Guesture" time="6.419" errors="0" timestamp="2024-12-16T22:07:56 IST" skipped="0">
  <testcase classname="guestures.Guesture" name="sauceDemoLogin" time="6.419"/>
</testsuite> <!-- guestures.Guesture -->
