<?xml version="1.0" encoding="UTF-8"?>
<!-- Generated by org.testng.reporters.JUnitReportReporter -->
<testsuite hostname="Vijayabharathis-MacBook-Air.local" failures="0" tests="1" name="guestures.GuesturesDemo" time="12.510" errors="0" timestamp="2024-12-18T21:47:56 IST" skipped="0">
  <testcase classname="guestures.GuesturesDemo" name="longPress" time="12.510"/>
</testsuite> <!-- guestures.GuesturesDemo -->
